[0m13:50:51.108605 [debug] [MainThread]: Sending event: {'category': 'dbt', 'action': 'invocation', 'label': 'start', 'context': [<snowplow_tracker.self_describing_json.SelfDescribingJson object at 0x7f57a87b79d0>, <snowplow_tracker.self_describing_json.SelfDescribingJson object at 0x7f57a90212d0>, <snowplow_tracker.self_describing_json.SelfDescribingJson object at 0x7f57a9021270>]}


============================== 13:50:51.112080 | 45224c6d-32d3-4a41-bae6-94a9ec1e6e0f ==============================
[0m13:50:51.112080 [info ] [MainThread]: Running with dbt=1.7.7
[0m13:50:51.113083 [debug] [MainThread]: running dbt with arguments {'printer_width': '80', 'indirect_selection': 'eager', 'write_json': 'True', 'log_cache_events': 'False', 'partial_parse': 'True', 'cache_selected_only': 'False', 'warn_error': 'None', 'fail_fast': 'False', 'profiles_dir': '/home/dhiraj/.dbt', 'log_path': 'logs', 'debug': 'False', 'version_check': 'True', 'use_colors': 'True', 'use_experimental_parser': 'False', 'no_print': 'None', 'quiet': 'False', 'warn_error_options': 'WarnErrorOptions(include=[], exclude=[])', 'invocation_command': 'dbt init', 'introspect': 'True', 'log_format': 'default', 'target_path': 'None', 'static_parser': 'True', 'send_anonymous_usage_stats': 'True'}
[0m13:50:51.113806 [warn ] [MainThread]: [ConfigFolderDirectory]: Unable to parse dict {'dir': PosixPath('/home/dhiraj/.dbt')}
[0m13:50:51.114550 [info ] [MainThread]: Creating dbt configuration folder at 
[0m13:52:46.706663 [debug] [MainThread]: Starter project path: /home/dhiraj/Desktop/pipeline_env/lib/python3.10/site-packages/dbt/include/starter_project
[0m13:52:46.726252 [info ] [MainThread]: 
Your new dbt project "data_transformations" was created!

For more information on how to configure the profiles.yml file,
please consult the dbt documentation here:

  https://docs.getdbt.com/docs/configure-your-profile

One more thing:

Need help? Don't hesitate to reach out to us via GitHub issues or on Slack:

  https://community.getdbt.com/

Happy modeling!

[0m13:52:46.729687 [info ] [MainThread]: Setting up your profile.
[0m14:10:08.321611 [info ] [MainThread]: Profile data_transformations written to /home/dhiraj/.dbt/profiles.yml using target's profile_template.yml and your supplied values. Run 'dbt debug' to validate the connection.
[0m14:10:08.340248 [debug] [MainThread]: Resource report: {"command_name": "init", "command_success": true, "command_wall_clock_time": 1157.2334, "process_user_time": 2.564118, "process_kernel_time": 0.104167, "process_mem_max_rss": "90704", "process_in_blocks": "40", "process_out_blocks": "88"}
[0m14:10:08.345941 [debug] [MainThread]: Command `dbt init` succeeded at 14:10:08.344917 after 1157.24 seconds
[0m14:10:08.348601 [debug] [MainThread]: Sending event: {'category': 'dbt', 'action': 'invocation', 'label': 'end', 'context': [<snowplow_tracker.self_describing_json.SelfDescribingJson object at 0x7f57a87b79d0>, <snowplow_tracker.self_describing_json.SelfDescribingJson object at 0x7f57aaa5ba00>, <snowplow_tracker.self_describing_json.SelfDescribingJson object at 0x7f57a9021450>]}
[0m14:10:08.350817 [debug] [MainThread]: Flushing usage events
[0m14:18:50.401516 [debug] [MainThread]: Sending event: {'category': 'dbt', 'action': 'invocation', 'label': 'start', 'context': [<snowplow_tracker.self_describing_json.SelfDescribingJson object at 0x7f0512d18ee0>, <snowplow_tracker.self_describing_json.SelfDescribingJson object at 0x7f0510f3a710>, <snowplow_tracker.self_describing_json.SelfDescribingJson object at 0x7f0510f3a680>]}


============================== 14:18:50.404873 | 4070e122-4e6f-4f7e-8b96-a59101a9124f ==============================
[0m14:18:50.404873 [info ] [MainThread]: Running with dbt=1.7.7
[0m14:18:50.405795 [debug] [MainThread]: running dbt with arguments {'printer_width': '80', 'indirect_selection': 'eager', 'log_cache_events': 'False', 'write_json': 'True', 'partial_parse': 'True', 'cache_selected_only': 'False', 'warn_error': 'None', 'debug': 'False', 'profiles_dir': '/home/dhiraj/.dbt', 'log_path': 'logs', 'version_check': 'True', 'fail_fast': 'False', 'use_colors': 'True', 'use_experimental_parser': 'False', 'no_print': 'None', 'quiet': 'False', 'log_format': 'default', 'static_parser': 'True', 'warn_error_options': 'WarnErrorOptions(include=[], exclude=[])', 'introspect': 'True', 'target_path': 'None', 'invocation_command': 'dbt debug', 'send_anonymous_usage_stats': 'True'}
[0m14:18:50.406713 [info ] [MainThread]: dbt version: 1.7.7
[0m14:18:50.407408 [info ] [MainThread]: python version: 3.10.12
[0m14:18:50.408054 [info ] [MainThread]: python path: /home/dhiraj/Desktop/pipeline_env/bin/python3
[0m14:18:50.408676 [info ] [MainThread]: os info: Linux-6.5.0-17-generic-x86_64-with-glibc2.35
[0m14:18:50.525534 [info ] [MainThread]: Using profiles dir at /home/dhiraj/.dbt
[0m14:18:50.526330 [info ] [MainThread]: Using profiles.yml file at /home/dhiraj/.dbt/profiles.yml
[0m14:18:50.526983 [info ] [MainThread]: Using dbt_project.yml file at /home/dhiraj/Desktop/data-pipeline-with-python-dbt-airflow/dbt_project.yml
[0m14:18:50.527823 [info ] [MainThread]: adapter type: postgres
[0m14:18:50.528460 [info ] [MainThread]: adapter version: 1.7.7
[0m14:18:50.529116 [info ] [MainThread]: Configuration:
[0m14:18:50.529748 [info ] [MainThread]:   profiles.yml file [[32mOK found and valid[0m]
[0m14:18:50.530389 [info ] [MainThread]:   dbt_project.yml file [[31mERROR not found[0m]
[0m14:18:50.530995 [info ] [MainThread]: Required dependencies:
[0m14:18:50.531683 [debug] [MainThread]: Executing "git --help"
[0m14:18:50.534604 [debug] [MainThread]: STDOUT: "b"usage: git [--version] [--help] [-C <path>] [-c <name>=<value>]\n           [--exec-path[=<path>]] [--html-path] [--man-path] [--info-path]\n           [-p | --paginate | -P | --no-pager] [--no-replace-objects] [--bare]\n           [--git-dir=<path>] [--work-tree=<path>] [--namespace=<name>]\n           [--super-prefix=<path>] [--config-env=<name>=<envvar>]\n           <command> [<args>]\n\nThese are common Git commands used in various situations:\n\nstart a working area (see also: git help tutorial)\n   clone     Clone a repository into a new directory\n   init      Create an empty Git repository or reinitialize an existing one\n\nwork on the current change (see also: git help everyday)\n   add       Add file contents to the index\n   mv        Move or rename a file, a directory, or a symlink\n   restore   Restore working tree files\n   rm        Remove files from the working tree and from the index\n\nexamine the history and state (see also: git help revisions)\n   bisect    Use binary search to find the commit that introduced a bug\n   diff      Show changes between commits, commit and working tree, etc\n   grep      Print lines matching a pattern\n   log       Show commit logs\n   show      Show various types of objects\n   status    Show the working tree status\n\ngrow, mark and tweak your common history\n   branch    List, create, or delete branches\n   commit    Record changes to the repository\n   merge     Join two or more development histories together\n   rebase    Reapply commits on top of another base tip\n   reset     Reset current HEAD to the specified state\n   switch    Switch branches\n   tag       Create, list, delete or verify a tag object signed with GPG\n\ncollaborate (see also: git help workflows)\n   fetch     Download objects and refs from another repository\n   pull      Fetch from and integrate with another repository or a local branch\n   push      Update remote refs along with associated objects\n\n'git help -a' and 'git help -g' list available subcommands and some\nconcept guides. See 'git help <command>' or 'git help <concept>'\nto read about a specific subcommand or concept.\nSee 'git help git' for an overview of the system.\n""
[0m14:18:50.535358 [debug] [MainThread]: STDERR: "b''"
[0m14:18:50.535940 [info ] [MainThread]:  - git [[32mOK found[0m]

[0m14:18:50.536542 [info ] [MainThread]: Connection:
[0m14:18:50.537310 [info ] [MainThread]:   host: 127.0.0.1:5432
[0m14:18:50.538336 [info ] [MainThread]:   port: 5432
[0m14:18:50.539196 [info ] [MainThread]:   user: postgres
[0m14:18:50.540026 [info ] [MainThread]:   database: destination_db
[0m14:18:50.540691 [info ] [MainThread]:   schema: transform
[0m14:18:50.541444 [info ] [MainThread]:   connect_timeout: 10
[0m14:18:50.542288 [info ] [MainThread]:   role: None
[0m14:18:50.542919 [info ] [MainThread]:   search_path: None
[0m14:18:50.543534 [info ] [MainThread]:   keepalives_idle: 0
[0m14:18:50.544148 [info ] [MainThread]:   sslmode: None
[0m14:18:50.544977 [info ] [MainThread]:   sslcert: None
[0m14:18:50.545899 [info ] [MainThread]:   sslkey: None
[0m14:18:50.546617 [info ] [MainThread]:   sslrootcert: None
[0m14:18:50.547242 [info ] [MainThread]:   application_name: dbt
[0m14:18:50.547849 [info ] [MainThread]:   retries: 1
[0m14:18:50.548562 [info ] [MainThread]: Registered adapter: postgres=1.7.7
[0m14:18:50.549534 [debug] [MainThread]: Acquiring new postgres connection 'debug'
[0m14:18:50.550228 [debug] [MainThread]: Using postgres connection "debug"
[0m14:18:50.550844 [debug] [MainThread]: On debug: select 1 as id
[0m14:18:50.551461 [debug] [MainThread]: Opening a new connection, currently in state init
[0m14:18:50.552807 [debug] [MainThread]: Postgres adapter: Got a retryable error when attempting to open a postgres connection.
1 attempts remaining. Retrying in 0 seconds.
Error:
could not translate host name "127.0.0.1:5432" to address: Name or service not known

[0m14:18:50.554703 [debug] [MainThread]: Postgres adapter: Error running SQL: select 1 as id
[0m14:18:50.555872 [debug] [MainThread]: Postgres adapter: Rolling back transaction.
[0m14:18:50.557070 [debug] [MainThread]: On debug: No close available on handle
[0m14:18:50.558045 [info ] [MainThread]:   Connection test: [[31mERROR[0m]

[0m14:18:50.558944 [info ] [MainThread]: [31m2 checks failed:[0m
[0m14:18:50.559717 [info ] [MainThread]: Project loading failed for the following reason:
 project path </home/dhiraj/Desktop/data-pipeline-with-python-dbt-airflow/dbt_project.yml> not found

[0m14:18:50.560752 [info ] [MainThread]: dbt was unable to connect to the specified database.
The database returned the following error:

  >Database Error
  could not translate host name "127.0.0.1:5432" to address: Name or service not known
  

Check your database credentials and try again. For more information, visit:
https://docs.getdbt.com/docs/configure-your-profile


[0m14:18:50.562312 [debug] [MainThread]: Resource report: {"command_name": "debug", "command_wall_clock_time": 0.21942455, "process_user_time": 2.704813, "process_kernel_time": 0.103877, "process_mem_max_rss": "92152", "process_out_blocks": "32", "command_success": false, "process_in_blocks": "0"}
[0m14:18:50.563358 [debug] [MainThread]: Command `dbt debug` failed at 14:18:50.563138 after 0.22 seconds
[0m14:18:50.563953 [debug] [MainThread]: Connection 'debug' was properly closed.
[0m14:18:50.564570 [debug] [MainThread]: Sending event: {'category': 'dbt', 'action': 'invocation', 'label': 'end', 'context': [<snowplow_tracker.self_describing_json.SelfDescribingJson object at 0x7f0512d18ee0>, <snowplow_tracker.self_describing_json.SelfDescribingJson object at 0x7f0510f3a5c0>, <snowplow_tracker.self_describing_json.SelfDescribingJson object at 0x7f0510f3a980>]}
[0m14:18:50.565261 [debug] [MainThread]: Flushing usage events
[0m14:20:06.664930 [debug] [MainThread]: Sending event: {'category': 'dbt', 'action': 'invocation', 'label': 'start', 'context': [<snowplow_tracker.self_describing_json.SelfDescribingJson object at 0x7fe8a93be380>, <snowplow_tracker.self_describing_json.SelfDescribingJson object at 0x7fe8a75fe800>, <snowplow_tracker.self_describing_json.SelfDescribingJson object at 0x7fe8a75fe7a0>]}


============================== 14:20:06.668245 | c653f4e4-a0d1-4df6-965b-462fcdbbbe88 ==============================
[0m14:20:06.668245 [info ] [MainThread]: Running with dbt=1.7.7
[0m14:20:06.669183 [debug] [MainThread]: running dbt with arguments {'printer_width': '80', 'indirect_selection': 'eager', 'write_json': 'True', 'log_cache_events': 'False', 'partial_parse': 'True', 'cache_selected_only': 'False', 'warn_error': 'None', 'version_check': 'True', 'debug': 'False', 'log_path': 'logs', 'profiles_dir': '/home/dhiraj/.dbt', 'fail_fast': 'False', 'use_colors': 'True', 'use_experimental_parser': 'False', 'no_print': 'None', 'quiet': 'False', 'warn_error_options': 'WarnErrorOptions(include=[], exclude=[])', 'introspect': 'True', 'log_format': 'default', 'static_parser': 'True', 'target_path': 'None', 'invocation_command': 'dbt debug --config-dir', 'send_anonymous_usage_stats': 'True'}
[0m14:20:06.670194 [info ] [MainThread]: To view your profiles.yml file, run:

xdg-open /home/dhiraj/.dbt
[0m14:20:06.671402 [debug] [MainThread]: Resource report: {"command_name": "debug", "command_success": true, "command_wall_clock_time": 0.06439037, "process_user_time": 2.576395, "process_kernel_time": 0.06391, "process_mem_max_rss": "87048", "process_out_blocks": "16", "process_in_blocks": "0"}
[0m14:20:06.672333 [debug] [MainThread]: Command `dbt debug` succeeded at 14:20:06.672108 after 0.07 seconds
[0m14:20:06.672951 [debug] [MainThread]: Sending event: {'category': 'dbt', 'action': 'invocation', 'label': 'end', 'context': [<snowplow_tracker.self_describing_json.SelfDescribingJson object at 0x7fe8a93be380>, <snowplow_tracker.self_describing_json.SelfDescribingJson object at 0x7fe8a75feaa0>, <snowplow_tracker.self_describing_json.SelfDescribingJson object at 0x7fe8a75fea70>]}
[0m14:20:06.673575 [debug] [MainThread]: Flushing usage events
